<?xml version="1.0" encoding="UTF-8"?>
<!-- Generated by org.testng.reporters.JUnitXMLReporter -->
<testsuite ignored="2" hostname="Chethan" failures="0" tests="2" name="Test" time="10.937" errors="0" timestamp="2026-04-28T11:05:04 IST">
  <testcase classname="testNg.Zontes" name="launch" time="9.342"/>
  <testcase classname="testNg.Bently" name="launch" time="10.83"/>
  <testcase classname="testNg.Ferrari" name="launch" time="0.0">
    <ignored/>
  </testcase> <!-- launch -->
  <testcase classname="testNg.Demo" name="launch" time="0.0">
    <ignored/>
  </testcase> <!-- launch -->
</testsuite> <!-- Test -->
