<?xml version="1.0" encoding="UTF-8"?>
<testng-results ignored="0" total="1" passed="1" failed="0" skipped="0">
  <reporter-output>
    <line>
      <![CDATA[Books page is displayed]]>
    </line>
  </reporter-output>
  <suite started-at="2026-04-28T11:46:43 IST" name="Default suite" finished-at="2026-04-28T11:46:53 IST" duration-ms="10328">
    <groups>
    </groups>
    <test started-at="2026-04-28T11:46:43 IST" name="Default test" finished-at="2026-04-28T11:46:53 IST" duration-ms="10328">
      <class name="testNg.ToClickOnBooks">
        <test-method is-config="true" signature="openBrowser()[pri:0, instance:testNg.ToClickOnBooks@367ffa75]" started-at="2026-04-28T11:46:43 IST" name="openBrowser" finished-at="2026-04-28T11:46:49 IST" duration-ms="5713" status="PASS">
          <reporter-output>
          </reporter-output>
        </test-method> <!-- openBrowser -->
        <test-method is-config="true" signature="login()[pri:0, instance:testNg.ToClickOnBooks@367ffa75]" started-at="2026-04-28T11:46:49 IST" name="login" finished-at="2026-04-28T11:46:51 IST" duration-ms="1993" status="PASS">
          <reporter-output>
          </reporter-output>
        </test-method> <!-- login -->
        <test-method signature="clickonBooks()[pri:0, instance:testNg.ToClickOnBooks@367ffa75]" started-at="2026-04-28T11:46:51 IST" name="clickonBooks" finished-at="2026-04-28T11:46:52 IST" duration-ms="1111" status="PASS">
          <reporter-output>
            <line>
              <![CDATA[Books page is displayed]]>
            </line>
          </reporter-output>
        </test-method> <!-- clickonBooks -->
        <test-method is-config="true" signature="logout()[pri:0, instance:testNg.ToClickOnBooks@367ffa75]" started-at="2026-04-28T11:46:52 IST" name="logout" finished-at="2026-04-28T11:46:53 IST" duration-ms="1001" status="PASS">
          <reporter-output>
          </reporter-output>
        </test-method> <!-- logout -->
        <test-method is-config="true" signature="closeBrowser()[pri:0, instance:testNg.ToClickOnBooks@367ffa75]" started-at="2026-04-28T11:46:53 IST" name="closeBrowser" finished-at="2026-04-28T11:46:53 IST" duration-ms="429" status="PASS">
          <reporter-output>
          </reporter-output>
        </test-method> <!-- closeBrowser -->
      </class> <!-- testNg.ToClickOnBooks -->
    </test> <!-- Default test -->
  </suite> <!-- Default suite -->
</testng-results>
