<?xml version="1.0" encoding="UTF-8"?>
<!-- Generated by org.testng.reporters.JUnitReportReporter -->
<testsuite hostname="Chethan" failures="0" tests="1" name="testNg.Bently" time="10.830" errors="0" timestamp="2026-04-28T11:05:07 IST" skipped="0">
  <testcase classname="testNg.Bently" name="launch" time="10.830">
    <system-out>
      <![CDATA[New Bently car has launched]]>
    </system-out>
  </testcase> <!-- launch -->
  <system-out>
    <![CDATA[350T ADV has launched
New Bently car has launched]]>
  </system-out>
</testsuite> <!-- testNg.Bently -->
