<?xml version="1.0" encoding="UTF-8"?>
<!-- Generated by org.testng.reporters.JUnitReportReporter -->
<testsuite hostname="Chethan" failures="0" tests="1" name="testNg.ToClickOnBooks" time="4.105" errors="0" timestamp="2026-04-28T11:46:53 IST" skipped="0">
  <testcase classname="testNg.ToClickOnBooks" name="clickonBooks" time="4.105">
    <system-out>
      <![CDATA[Books page is displayed]]>
    </system-out>
  </testcase> <!-- clickonBooks -->
  <system-out>
    <![CDATA[Books page is displayed]]>
  </system-out>
</testsuite> <!-- testNg.ToClickOnBooks -->
