<?xml version="1.0" encoding="UTF-8"?>
<!-- Generated by org.testng.reporters.JUnitReportReporter -->
<testsuite hostname="Chethan" failures="0" tests="1" name="testNg.Demo" time="3.287" errors="0" timestamp="2026-04-28T09:29:33 IST" skipped="0">
  <testcase classname="testNg.Demo" name="launch" time="3.287">
    <system-out>
      <![CDATA[welcome to testNg]]>
    </system-out>
  </testcase> <!-- launch -->
  <system-out>
    <![CDATA[welcome to testNg
350T ADV has launched
New car has launched
New Bently car has launched]]>
  </system-out>
</testsuite> <!-- testNg.Demo -->
