<?xml version="1.0" encoding="UTF-8"?>
<!-- Generated by org.testng.reporters.JUnitReportReporter -->
<testsuite hostname="Chethan" failures="0" tests="8" name="testNg.AnotationAttributes" time="41.452" errors="0" timestamp="2026-04-27T11:29:16 IST" skipped="0">
  <testcase classname="testNg.AnotationAttributes" name="login" time="4.802">
    <system-out>
      <![CDATA[login page is displayed]]>
    </system-out>
  </testcase> <!-- login -->
  <testcase classname="testNg.AnotationAttributes" name="register" time="5.729">
    <system-out>
      <![CDATA[register page is displayed]]>
    </system-out>
  </testcase> <!-- register -->
  <testcase classname="testNg.AnotationAttributes" name="register" time="6.038">
    <system-out>
      <![CDATA[register page is displayed]]>
    </system-out>
  </testcase> <!-- register -->
  <testcase classname="testNg.AnotationAttributes" name="register" time="6.147">
    <system-out>
      <![CDATA[register page is displayed]]>
    </system-out>
  </testcase> <!-- register -->
  <testcase classname="testNg.AnotationAttributes" name="register" time="4.651">
    <system-out>
      <![CDATA[register page is displayed]]>
    </system-out>
  </testcase> <!-- register -->
  <testcase classname="testNg.AnotationAttributes" name="register" time="3.160">
    <system-out>
      <![CDATA[register page is displayed]]>
    </system-out>
  </testcase> <!-- register -->
  <testcase classname="testNg.AnotationAttributes" name="register" time="5.368">
    <system-out>
      <![CDATA[register page is displayed]]>
    </system-out>
  </testcase> <!-- register -->
  <testcase classname="testNg.AnotationAttributes" name="launch" time="5.557"/>
  <system-out>
    <![CDATA[register page is displayed
register page is displayed
register page is displayed
register page is displayed
register page is displayed
register page is displayed
login page is displayed]]>
  </system-out>
</testsuite> <!-- testNg.AnotationAttributes -->
