<?xml version="1.0" encoding="UTF-8"?>
<!-- Generated by org.testng.reporters.JUnitReportReporter -->
<testsuite hostname="Chethan" failures="0" tests="1" name="testNg.ConfigurationAnnotation" time="0.011" errors="0" timestamp="2026-04-28T11:08:29 IST" skipped="0">
  <testcase classname="testNg.ConfigurationAnnotation" name="mm" time="0.011">
    <system-out>
      <![CDATA[executed successfully]]>
    </system-out>
  </testcase> <!-- mm -->
  <system-out>
    <![CDATA[before suite is executesd
before test is executesd
before class is executesd
before method is executesd
executed successfully
after method is executesd
after class is executesd
after test is executesd
after suite is executesd]]>
  </system-out>
</testsuite> <!-- testNg.ConfigurationAnnotation -->
